Build started 2015.03.09. 9:53:30.
     1>Project "D:\Mentések\Github\repulo\teszt\teszt\teszt.vcxproj" on node 2 (build target(s)).
     1>PrepareForBuild:
         Creating directory "D:\Mentések\Github\repulo\teszt\Debug\".
       InitializeBuildStatus:
         Creating "Debug\teszt.unsuccessfulbuild" because "AlwaysCreate" was specified.
       ClCompile:
         C:\Program Files (x86)\Microsoft Visual Studio 10.0\VC\bin\CL.exe /c /ZI /nologo /W3 /WX- /Od /Oy- /D WIN32 /D _DEBUG /D _CONSOLE /D _UNICODE /D UNICODE /Gm /EHsc /RTC1 /MDd /GS /fp:precise /Zc:wchar_t /Zc:forScope /Fo"Debug\\" /Fd"Debug\vc100.pdb" /Gd /TC /analyze- /errorReport:prompt teszt.c
         teszt.c
       ManifestResourceCompile:
         C:\Program Files (x86)\Microsoft SDKs\Windows\v7.0A\bin\rc.exe /nologo /fo"Debug\teszt.exe.embed.manifest.res" Debug\teszt_manifest.rc 
       Link:
         C:\Program Files (x86)\Microsoft Visual Studio 10.0\VC\bin\link.exe /ERRORREPORT:PROMPT /OUT:"D:\Mentések\Github\repulo\teszt\Debug\teszt.exe" /INCREMENTAL /NOLOGO kernel32.lib user32.lib gdi32.lib winspool.lib comdlg32.lib advapi32.lib shell32.lib ole32.lib oleaut32.lib uuid.lib odbc32.lib odbccp32.lib /MANIFEST /ManifestFile:"Debug\teszt.exe.intermediate.manifest" /MANIFESTUAC:"level='asInvoker' uiAccess='false'" /DEBUG /PDB:"D:\Mentések\Github\repulo\teszt\Debug\teszt.pdb" /SUBSYSTEM:CONSOLE /TLBID:1 /DYNAMICBASE /NXCOMPAT /IMPLIB:"D:\Mentések\Github\repulo\teszt\Debug\teszt.lib" /MACHINE:X86 Debug\teszt.exe.embed.manifest.res
         Debug\teszt.obj
       Manifest:
         C:\Program Files (x86)\Microsoft SDKs\Windows\v7.0A\bin\mt.exe /nologo /verbose /out:"Debug\teszt.exe.embed.manifest" /manifest Debug\teszt.exe.intermediate.manifest
         C:\Program Files (x86)\Microsoft SDKs\Windows\v7.0A\bin\rc.exe /nologo /fo"Debug\teszt.exe.embed.manifest.res" Debug\teszt_manifest.rc 
       LinkEmbedManifest:
         C:\Program Files (x86)\Microsoft Visual Studio 10.0\VC\bin\link.exe /ERRORREPORT:PROMPT /OUT:"D:\Mentések\Github\repulo\teszt\Debug\teszt.exe" /INCREMENTAL /NOLOGO kernel32.lib user32.lib gdi32.lib winspool.lib comdlg32.lib advapi32.lib shell32.lib ole32.lib oleaut32.lib uuid.lib odbc32.lib odbccp32.lib /MANIFEST /ManifestFile:"Debug\teszt.exe.intermediate.manifest" /MANIFESTUAC:"level='asInvoker' uiAccess='false'" /DEBUG /PDB:"D:\Mentések\Github\repulo\teszt\Debug\teszt.pdb" /SUBSYSTEM:CONSOLE /TLBID:1 /DYNAMICBASE /NXCOMPAT /IMPLIB:"D:\Mentések\Github\repulo\teszt\Debug\teszt.lib" /MACHINE:X86 Debug\teszt.exe.embed.manifest.res
         Debug\teszt.obj
         teszt.vcxproj -> D:\Mentések\Github\repulo\teszt\Debug\teszt.exe
       FinalizeBuildStatus:
         Deleting file "Debug\teszt.unsuccessfulbuild".
         Touching "Debug\teszt.lastbuildstate".
     1>Done Building Project "D:\Mentések\Github\repulo\teszt\teszt\teszt.vcxproj" (build target(s)).

Build succeeded.

Time Elapsed 00:00:01.75
