Build started 2015.03.16. 15:14:48.
     1>Project "D:\Egyetem\Prog\felevi_beadando\repulo\legiforgalom_tervezo\legiforgalom_tervezo\legiforgalom_tervezo.vcxproj" on node 2 (Build target(s)).
     1>ClCompile:
         C:\Program Files (x86)\Microsoft Visual Studio 12.0\VC\bin\CL.exe /c /ZI /nologo /W3 /WX- /Od /Oy- /D WIN32 /D _DEBUG /D _CONSOLE /D _LIB /D _UNICODE /D UNICODE /Gm /EHsc /RTC1 /MDd /GS /fp:precise /Zc:wchar_t /Zc:forScope /Fo"Debug\\" /Fd"Debug\vc120.pdb" /Gd /TC /analyze- /errorReport:prompt menu.c
         menu.c
     1>d:\egyetem\prog\felevi_beadando\repulo\legiforgalom_tervezo\legiforgalom_tervezo\menu.c(19): warning C4996: 'strcpy': This function or variable may be unsafe. Consider using strcpy_s instead. To disable deprecation, use _CRT_SECURE_NO_WARNINGS. See online help for details.
                 c:\program files (x86)\microsoft visual studio 12.0\vc\include\string.h(112) : see declaration of 'strcpy'
     1>d:\egyetem\prog\felevi_beadando\repulo\legiforgalom_tervezo\legiforgalom_tervezo\menu.c(20): warning C4996: 'strcpy': This function or variable may be unsafe. Consider using strcpy_s instead. To disable deprecation, use _CRT_SECURE_NO_WARNINGS. See online help for details.
                 c:\program files (x86)\microsoft visual studio 12.0\vc\include\string.h(112) : see declaration of 'strcpy'
     1>d:\egyetem\prog\felevi_beadando\repulo\legiforgalom_tervezo\legiforgalom_tervezo\menu.c(21): warning C4996: 'strcpy': This function or variable may be unsafe. Consider using strcpy_s instead. To disable deprecation, use _CRT_SECURE_NO_WARNINGS. See online help for details.
                 c:\program files (x86)\microsoft visual studio 12.0\vc\include\string.h(112) : see declaration of 'strcpy'
     1>d:\egyetem\prog\felevi_beadando\repulo\legiforgalom_tervezo\legiforgalom_tervezo\menu.c(22): warning C4996: 'strcpy': This function or variable may be unsafe. Consider using strcpy_s instead. To disable deprecation, use _CRT_SECURE_NO_WARNINGS. See online help for details.
                 c:\program files (x86)\microsoft visual studio 12.0\vc\include\string.h(112) : see declaration of 'strcpy'
     1>d:\egyetem\prog\felevi_beadando\repulo\legiforgalom_tervezo\legiforgalom_tervezo\menu.c(23): warning C4996: 'strcpy': This function or variable may be unsafe. Consider using strcpy_s instead. To disable deprecation, use _CRT_SECURE_NO_WARNINGS. See online help for details.
                 c:\program files (x86)\microsoft visual studio 12.0\vc\include\string.h(112) : see declaration of 'strcpy'
     1>d:\egyetem\prog\felevi_beadando\repulo\legiforgalom_tervezo\legiforgalom_tervezo\menu.c(41): warning C4996: 'cprintf': The POSIX name for this item is deprecated. Instead, use the ISO C++ conformant name: _cprintf. See online help for details.
                 c:\program files (x86)\microsoft visual studio 12.0\vc\include\conio.h(123) : see declaration of 'cprintf'
     1>d:\egyetem\prog\felevi_beadando\repulo\legiforgalom_tervezo\legiforgalom_tervezo\menu.c(44): warning C4996: 'getch': The POSIX name for this item is deprecated. Instead, use the ISO C++ conformant name: _getch. See online help for details.
                 c:\program files (x86)\microsoft visual studio 12.0\vc\include\conio.h(131) : see declaration of 'getch'
       Link:
         C:\Program Files (x86)\Microsoft Visual Studio 12.0\VC\bin\link.exe /ERRORREPORT:PROMPT /OUT:"D:\Egyetem\Prog\felevi_beadando\repulo\legiforgalom_tervezo\Debug\legiforgalom_tervezo.exe" /INCREMENTAL /NOLOGO kernel32.lib user32.lib gdi32.lib winspool.lib comdlg32.lib advapi32.lib shell32.lib ole32.lib oleaut32.lib uuid.lib odbc32.lib odbccp32.lib /MANIFEST /MANIFESTUAC:"level='asInvoker' uiAccess='false'" /manifest:embed /DEBUG /PDB:"D:\Egyetem\Prog\felevi_beadando\repulo\legiforgalom_tervezo\Debug\legiforgalom_tervezo.pdb" /SUBSYSTEM:CONSOLE /TLBID:1 /DYNAMICBASE /NXCOMPAT /IMPLIB:"D:\Egyetem\Prog\felevi_beadando\repulo\legiforgalom_tervezo\Debug\legiforgalom_tervezo.lib" /MACHINE:X86 Debug\legiforgalom_tervezo.obj
         Debug\menu.obj
         Debug\strsep.obj
         legiforgalom_tervezo.vcxproj -> D:\Egyetem\Prog\felevi_beadando\repulo\legiforgalom_tervezo\Debug\legiforgalom_tervezo.exe
     1>Done Building Project "D:\Egyetem\Prog\felevi_beadando\repulo\legiforgalom_tervezo\legiforgalom_tervezo\legiforgalom_tervezo.vcxproj" (Build target(s)).

Build succeeded.

Time Elapsed 00:00:04.07
